Looking for git in: git
Using git 2.32.0 from git
Opening repository for path='/home/elarajade/.cache/wal' failed; ex=Failed to execute git {
  "exitCode": 128,
  "gitErrorCode": "NotAGitRepository",
  "gitCommand": "rev-parse",
  "stdout": "",
  "stderr": "fatal: not a git repository (or any of the parent directories): .git\n"
}
Opening repository for path='/home/elarajade/.cache/wal/colors' failed; ex=Error: spawn ENOTDIR
Opening repository for path='/home/elarajade/.cache/wal/colors-kitty.conf' failed; ex=Error: spawn ENOTDIR
Opening repository for path='/home/elarajade/.cache/wal/colors-konsole.colorscheme' failed; ex=Error: spawn ENOTDIR
Opening repository for path='/home/elarajade/.cache/wal/colors-oomox' failed; ex=Error: spawn ENOTDIR
Opening repository for path='/home/elarajade/.cache/wal/colors-putty.reg' failed; ex=Error: spawn ENOTDIR
Opening repository for path='/home/elarajade/.cache/wal/colors-rofi-dark.rasi' failed; ex=Error: spawn ENOTDIR
Opening repository for path='/home/elarajade/.cache/wal/colors-rofi-light.rasi' failed; ex=Error: spawn ENOTDIR
Opening repository for path='/home/elarajade/.cache/wal/colors-speedcrunch.json' failed; ex=Error: spawn ENOTDIR
Opening repository for path='/home/elarajade/.cache/wal/colors-sway' failed; ex=Error: spawn ENOTDIR
Opening repository for path='/home/elarajade/.cache/wal/colors-tty.sh' failed; ex=Error: spawn ENOTDIR
Opening repository for path='/home/elarajade/.cache/wal/colors-wal-dmenu.h' failed; ex=Error: spawn ENOTDIR
Opening repository for path='/home/elarajade/.cache/wal/colors-wal-dwm.h' failed; ex=Error: spawn ENOTDIR
Opening repository for path='/home/elarajade/.cache/wal/colors-wal-st.h' failed; ex=Error: spawn ENOTDIR
Opening repository for path='/home/elarajade/.cache/wal/colors-wal-tabbed.h' failed; ex=Error: spawn ENOTDIR
Opening repository for path='/home/elarajade/.cache/wal/colors-wal.vim' failed; ex=Error: spawn ENOTDIR
Opening repository for path='/home/elarajade/.cache/wal/colors-waybar.css' failed; ex=Error: spawn ENOTDIR
Opening repository for path='/home/elarajade/.cache/wal/colors.Xresources' failed; ex=Error: spawn ENOTDIR
Opening repository for path='/home/elarajade/.cache/wal/colors.css' failed; ex=Error: spawn ENOTDIR
Opening repository for path='/home/elarajade/.cache/wal/colors.hs' failed; ex=Error: spawn ENOTDIR
Opening repository for path='/home/elarajade/.cache/wal/colors.json' failed; ex=Error: spawn ENOTDIR
Opening repository for path='/home/elarajade/.cache/wal/colors.scss' failed; ex=Error: spawn ENOTDIR
Opening repository for path='/home/elarajade/.cache/wal/colors.sh' failed; ex=Error: spawn ENOTDIR
Opening repository for path='/home/elarajade/.cache/wal/colors.yml' failed; ex=Error: spawn ENOTDIR
Opening repository for path='/home/elarajade/.cache/wal/schemes' failed; ex=Failed to execute git {
  "exitCode": 128,
  "gitErrorCode": "NotAGitRepository",
  "gitCommand": "rev-parse",
  "stdout": "",
  "stderr": "fatal: not a git repository (or any of the parent directories): .git\n"
}
Opening repository for path='/home/elarajade/.cache/wal/sequences' failed; ex=Error: spawn ENOTDIR
Opening repository for path='/home/elarajade/.cache/wal/wal' failed; ex=Error: spawn ENOTDIR
Opening repository for path='/home/elarajade/.cache/wal' failed; ex=Failed to execute git {
  "exitCode": 128,
  "gitErrorCode": "NotAGitRepository",
  "gitCommand": "rev-parse",
  "stdout": "",
  "stderr": "fatal: not a git repository (or any of the parent directories): .git\n"
}
Opening repository for path='/home/elarajade/.cache/wal' failed; ex=Failed to execute git {
  "exitCode": 128,
  "gitErrorCode": "NotAGitRepository",
  "gitCommand": "rev-parse",
  "stdout": "",
  "stderr": "fatal: not a git repository (or any of the parent directories): .git\n"
}
Opening repository for path='/home/elarajade/.cache/wal' failed; ex=Failed to execute git {
  "exitCode": 128,
  "gitErrorCode": "NotAGitRepository",
  "gitCommand": "rev-parse",
  "stdout": "",
  "stderr": "fatal: not a git repository (or any of the parent directories): .git\n"
}
Opening repository for path='/home/elarajade/.cache/wal' failed; ex=Failed to execute git {
  "exitCode": 128,
  "gitErrorCode": "NotAGitRepository",
  "gitCommand": "rev-parse",
  "stdout": "",
  "stderr": "fatal: not a git repository (or any of the parent directories): .git\n"
}
Opening repository for path='/home/elarajade/.cache/wal' failed; ex=Failed to execute git {
  "exitCode": 128,
  "gitErrorCode": "NotAGitRepository",
  "gitCommand": "rev-parse",
  "stdout": "",
  "stderr": "fatal: not a git repository (or any of the parent directories): .git\n"
}
Opening repository for path='/home/elarajade/.cache/wal' failed; ex=Failed to execute git {
  "exitCode": 128,
  "gitErrorCode": "NotAGitRepository",
  "gitCommand": "rev-parse",
  "stdout": "",
  "stderr": "fatal: not a git repository (or any of the parent directories): .git\n"
}
