[2021-06-12 12:33:59.416] [exthost] [info] extension host started
[2021-06-12 12:33:59.887] [exthost] [info] ExtensionService#_doActivateExtension vscode.microsoft-authentication {"startup":false,"extensionId":{"value":"vscode.microsoft-authentication","_lower":"vscode.microsoft-authentication"},"activationEvent":"onAuthenticationRequest:microsoft"}
[2021-06-12 12:33:59.888] [exthost] [info] ExtensionService#loadCommonJSModule file:///var/lib/snapd/snap/code/65/usr/share/code/resources/app/extensions/microsoft-authentication/dist/extension.js
[2021-06-12 12:33:59.928] [exthost] [info] ExtensionService#_doActivateExtension vscode.css-language-features {"startup":false,"extensionId":{"value":"vscode.css-language-features","_lower":"vscode.css-language-features"},"activationEvent":"onLanguage:css"}
[2021-06-12 12:33:59.928] [exthost] [info] ExtensionService#loadCommonJSModule file:///var/lib/snapd/snap/code/65/usr/share/code/resources/app/extensions/css-language-features/client/dist/node/cssClientMain
[2021-06-12 12:33:59.973] [exthost] [info] ExtensionService#_doActivateExtension vscode.emmet {"startup":false,"extensionId":{"value":"vscode.emmet","_lower":"vscode.emmet"},"activationEvent":"onLanguage:css"}
[2021-06-12 12:33:59.973] [exthost] [info] ExtensionService#loadCommonJSModule file:///var/lib/snapd/snap/code/65/usr/share/code/resources/app/extensions/emmet/dist/node/emmetNodeMain
[2021-06-12 12:33:59.991] [exthost] [info] ExtensionService#_doActivateExtension vscode.debug-auto-launch {"startup":true,"extensionId":{"value":"vscode.debug-auto-launch","_lower":"vscode.debug-auto-launch"},"activationEvent":"*"}
[2021-06-12 12:33:59.991] [exthost] [info] ExtensionService#loadCommonJSModule file:///var/lib/snapd/snap/code/65/usr/share/code/resources/app/extensions/debug-auto-launch/dist/extension
[2021-06-12 12:34:00.003] [exthost] [info] ExtensionService#_doActivateExtension vscode.git {"startup":true,"extensionId":{"value":"vscode.github","_lower":"vscode.github"},"activationEvent":"*"}
[2021-06-12 12:34:00.003] [exthost] [info] ExtensionService#loadCommonJSModule file:///var/lib/snapd/snap/code/65/usr/share/code/resources/app/extensions/git/dist/main
[2021-06-12 12:34:00.065] [exthost] [info] ExtensionService#_doActivateExtension wilsonsio.color-vision {"startup":true,"extensionId":{"value":"wilsonsio.color-vision","_lower":"wilsonsio.color-vision"},"activationEvent":"*"}
[2021-06-12 12:34:00.065] [exthost] [info] ExtensionService#loadCommonJSModule file:///home/elarajade/.vscode/extensions/wilsonsio.color-vision-0.1.0/out/extension.js
[2021-06-12 12:34:00.807] [exthost] [info] ExtensionService#_doActivateExtension vscode.github {"startup":true,"extensionId":{"value":"vscode.github","_lower":"vscode.github"},"activationEvent":"*"}
[2021-06-12 12:34:00.807] [exthost] [info] ExtensionService#loadCommonJSModule file:///var/lib/snapd/snap/code/65/usr/share/code/resources/app/extensions/github/dist/extension.js
[2021-06-12 12:34:00.886] [exthost] [info] ExtensionService#_doActivateExtension ms-vscode.js-debug {"startup":false,"extensionId":{"value":"ms-vscode.js-debug","_lower":"ms-vscode.js-debug"},"activationEvent":"onCommand:extension.js-debug.clearAutoAttachVariables"}
[2021-06-12 12:34:00.886] [exthost] [info] ExtensionService#loadCommonJSModule file:///var/lib/snapd/snap/code/65/usr/share/code/resources/app/extensions/ms-vscode.js-debug/src/extension.js
[2021-06-12 12:34:01.034] [exthost] [info] eager extensions activated
[2021-06-12 12:34:01.039] [exthost] [info] ExtensionService#_doActivateExtension vscode.merge-conflict {"startup":false,"extensionId":{"value":"vscode.merge-conflict","_lower":"vscode.merge-conflict"},"activationEvent":"onStartupFinished"}
[2021-06-12 12:34:01.039] [exthost] [info] ExtensionService#loadCommonJSModule file:///var/lib/snapd/snap/code/65/usr/share/code/resources/app/extensions/merge-conflict/dist/mergeConflictMain
[2021-06-12 12:34:01.042] [exthost] [info] ExtensionService#_doActivateExtension vscode.testing-editor-contributions {"startup":false,"extensionId":{"value":"vscode.testing-editor-contributions","_lower":"vscode.testing-editor-contributions"},"activationEvent":"onStartupFinished"}
[2021-06-12 12:34:01.042] [exthost] [info] ExtensionService#loadCommonJSModule file:///var/lib/snapd/snap/code/65/usr/share/code/resources/app/extensions/testing-editor-contributions/dist/extension.js
[2021-06-12 12:34:01.092] [exthost] [info] ExtensionService#_doActivateExtension vscode.github-authentication {"startup":false,"extensionId":{"value":"vscode.github-authentication","_lower":"vscode.github-authentication"},"activationEvent":"onAuthenticationRequest:github"}
[2021-06-12 12:34:01.092] [exthost] [info] ExtensionService#loadCommonJSModule file:///var/lib/snapd/snap/code/65/usr/share/code/resources/app/extensions/github-authentication/dist/extension.js
[2021-06-12 12:37:20.062] [exthost] [info] extension host terminating: received terminate message from renderer
[2021-06-12 12:37:21.079] [exthost] [info] exiting with code 0
