[2021-06-12 12:05:55.435] [exthost] [info] extension host started
[2021-06-12 12:05:55.797] [exthost] [info] ExtensionService#_doActivateExtension vscode.microsoft-authentication {"startup":false,"extensionId":{"value":"vscode.microsoft-authentication","_lower":"vscode.microsoft-authentication"},"activationEvent":"onAuthenticationRequest:microsoft"}
[2021-06-12 12:05:55.797] [exthost] [info] ExtensionService#loadCommonJSModule file:///var/lib/snapd/snap/code/65/usr/share/code/resources/app/extensions/microsoft-authentication/dist/extension.js
[2021-06-12 12:05:55.904] [exthost] [info] ExtensionService#_doActivateExtension vscode.debug-auto-launch {"startup":true,"extensionId":{"value":"vscode.debug-auto-launch","_lower":"vscode.debug-auto-launch"},"activationEvent":"*"}
[2021-06-12 12:05:55.904] [exthost] [info] ExtensionService#loadCommonJSModule file:///var/lib/snapd/snap/code/65/usr/share/code/resources/app/extensions/debug-auto-launch/dist/extension
[2021-06-12 12:05:56.045] [exthost] [info] ExtensionService#_doActivateExtension vscode.git {"startup":true,"extensionId":{"value":"vscode.github","_lower":"vscode.github"},"activationEvent":"*"}
[2021-06-12 12:05:56.045] [exthost] [info] ExtensionService#loadCommonJSModule file:///var/lib/snapd/snap/code/65/usr/share/code/resources/app/extensions/git/dist/main
[2021-06-12 12:05:56.402] [exthost] [info] ExtensionService#_doActivateExtension vscode.github {"startup":true,"extensionId":{"value":"vscode.github","_lower":"vscode.github"},"activationEvent":"*"}
[2021-06-12 12:05:56.402] [exthost] [info] ExtensionService#loadCommonJSModule file:///var/lib/snapd/snap/code/65/usr/share/code/resources/app/extensions/github/dist/extension.js
[2021-06-12 12:05:56.487] [exthost] [info] ExtensionService#_doActivateExtension ms-vscode.js-debug {"startup":false,"extensionId":{"value":"ms-vscode.js-debug","_lower":"ms-vscode.js-debug"},"activationEvent":"onCommand:extension.js-debug.clearAutoAttachVariables"}
[2021-06-12 12:05:56.487] [exthost] [info] ExtensionService#loadCommonJSModule file:///var/lib/snapd/snap/code/65/usr/share/code/resources/app/extensions/ms-vscode.js-debug/src/extension.js
[2021-06-12 12:05:56.909] [exthost] [info] eager extensions activated
[2021-06-12 12:05:56.927] [exthost] [info] ExtensionService#_doActivateExtension vscode.emmet {"startup":false,"extensionId":{"value":"vscode.emmet","_lower":"vscode.emmet"},"activationEvent":"onStartupFinished"}
[2021-06-12 12:05:56.927] [exthost] [info] ExtensionService#loadCommonJSModule file:///var/lib/snapd/snap/code/65/usr/share/code/resources/app/extensions/emmet/dist/node/emmetNodeMain
[2021-06-12 12:05:56.977] [exthost] [info] ExtensionService#_doActivateExtension vscode.merge-conflict {"startup":false,"extensionId":{"value":"vscode.merge-conflict","_lower":"vscode.merge-conflict"},"activationEvent":"onStartupFinished"}
[2021-06-12 12:05:56.977] [exthost] [info] ExtensionService#loadCommonJSModule file:///var/lib/snapd/snap/code/65/usr/share/code/resources/app/extensions/merge-conflict/dist/mergeConflictMain
[2021-06-12 12:05:56.980] [exthost] [info] ExtensionService#_doActivateExtension vscode.testing-editor-contributions {"startup":false,"extensionId":{"value":"vscode.testing-editor-contributions","_lower":"vscode.testing-editor-contributions"},"activationEvent":"onStartupFinished"}
[2021-06-12 12:05:56.981] [exthost] [info] ExtensionService#loadCommonJSModule file:///var/lib/snapd/snap/code/65/usr/share/code/resources/app/extensions/testing-editor-contributions/dist/extension.js
[2021-06-12 12:05:57.050] [exthost] [info] ExtensionService#_doActivateExtension vscode.github-authentication {"startup":false,"extensionId":{"value":"vscode.github-authentication","_lower":"vscode.github-authentication"},"activationEvent":"onAuthenticationRequest:github"}
[2021-06-12 12:05:57.050] [exthost] [info] ExtensionService#loadCommonJSModule file:///var/lib/snapd/snap/code/65/usr/share/code/resources/app/extensions/github-authentication/dist/extension.js
[2021-06-12 12:06:23.890] [exthost] [info] ExtensionService#_doActivateExtension vscode.css-language-features {"startup":false,"extensionId":{"value":"vscode.css-language-features","_lower":"vscode.css-language-features"},"activationEvent":"onLanguage:css"}
[2021-06-12 12:06:23.890] [exthost] [info] ExtensionService#loadCommonJSModule file:///var/lib/snapd/snap/code/65/usr/share/code/resources/app/extensions/css-language-features/client/dist/node/cssClientMain
[2021-06-12 12:06:24.542] [exthost] [info] ExtensionService#_doActivateExtension vscode.configuration-editing {"startup":false,"extensionId":{"value":"vscode.configuration-editing","_lower":"vscode.configuration-editing"},"activationEvent":"onLanguage:json"}
[2021-06-12 12:06:24.542] [exthost] [info] ExtensionService#loadCommonJSModule file:///var/lib/snapd/snap/code/65/usr/share/code/resources/app/extensions/configuration-editing/dist/configurationEditingMain
[2021-06-12 12:06:24.607] [exthost] [info] ExtensionService#_doActivateExtension vscode.extension-editing {"startup":false,"extensionId":{"value":"vscode.extension-editing","_lower":"vscode.extension-editing"},"activationEvent":"onLanguage:json"}
[2021-06-12 12:06:24.607] [exthost] [info] ExtensionService#loadCommonJSModule file:///var/lib/snapd/snap/code/65/usr/share/code/resources/app/extensions/extension-editing/dist/extensionEditingMain
[2021-06-12 12:06:24.634] [exthost] [info] ExtensionService#_doActivateExtension vscode.json-language-features {"startup":false,"extensionId":{"value":"vscode.json-language-features","_lower":"vscode.json-language-features"},"activationEvent":"onLanguage:json"}
[2021-06-12 12:06:24.634] [exthost] [info] ExtensionService#loadCommonJSModule file:///var/lib/snapd/snap/code/65/usr/share/code/resources/app/extensions/json-language-features/client/dist/node/jsonClientMain
[2021-06-12 12:06:24.714] [exthost] [info] ExtensionService#_doActivateExtension vscode.npm {"startup":false,"extensionId":{"value":"vscode.npm","_lower":"vscode.npm"},"activationEvent":"onLanguage:json"}
[2021-06-12 12:06:24.714] [exthost] [info] ExtensionService#loadCommonJSModule file:///var/lib/snapd/snap/code/65/usr/share/code/resources/app/extensions/npm/dist/npmMain
[2021-06-12 12:06:44.266] [exthost] [info] ExtensionService#_doActivateExtension wilsonsio.color-vision {"startup":false,"extensionId":{"value":"wilsonsio.color-vision","_lower":"wilsonsio.color-vision"},"activationEvent":"*"}
[2021-06-12 12:06:44.266] [exthost] [info] ExtensionService#loadCommonJSModule file:///home/elarajade/.vscode/extensions/wilsonsio.color-vision-0.1.0/out/extension.js
[2021-06-12 12:22:17.529] [exthost] [info] extension host terminating: received terminate message from renderer
[2021-06-12 12:22:18.556] [exthost] [info] exiting with code 0
