13:22:52: [0:00:00.249] Rainlendar 2.16.1
13:22:52: Error: /usr/lib/x86_64-linux-gnu/libgnome-keyring.so: cannot open shared object file: No such file or directory
13:22:52: Error: /usr/lib/i386-linux-gnu/libgnome-keyring.so: cannot open shared object file: No such file or directory
13:22:52: [0:00:00.322] WARNING: Unable to open the libgnome-keyring.so
13:22:52: Error: can't open file '/home/elarajade/.config/.rainlendar2/license.r2lic' (error 2: No such file or directory)
01:22:52 PM: [0:00:00.362] Category file: /home/elarajade/.config/.rainlendar2/categories.ini
01:22:52 PM: [0:00:00.362] Alarms file: /home/elarajade/.config/.rainlendar2/alarms.ini
01:22:52 PM: [0:00:00.362] Task state file: /home/elarajade/.config/.rainlendar2/taskstates.ini
01:22:52 PM: [0:00:00.363] Windows file: /home/elarajade/.config/.rainlendar2/windows.ini
01:22:52 PM: [0:00:00.365] Reading skin /opt/rainlendar2/skins/Shadow4.r2skin
01:22:52 PM: [0:00:00.754] Caching skin Shadow4 to file: /home/elarajade/.config/.rainlendar2/skincache.ini
01:22:52 PM: [0:00:00.762] Reading skin /opt/rainlendar2/skins/Shadow4.r2skin
01:22:53 PM: Warning: iCCP: known incorrect sRGB profile
01:22:53 PM: Warning: iCCP: known incorrect sRGB profile
01:22:53 PM: Error: can't open file '/home/elarajade/.config/.rainlendar2/license.r2lic' (error 2: No such file or directory)
01:22:53 PM: [0:00:01.232] Local Time: Ticks: 1623702173 Date: 14-06-2021 Time: 13:22:53 DST: No
01:22:53 PM: [0:00:01.232]   UTC Time: Ticks: 1623702173 Date: 14-06-2021 Time: 20:22:53 DST: No
01:22:53 PM: [0:00:01.232] Paths:
01:22:53 PM: [0:00:01.232] 	Program: /opt/rainlendar2/
01:22:53 PM: [0:00:01.232] 	Resources: /opt/rainlendar2/resources/
01:22:53 PM: [0:00:01.232] 	Skins (program): /opt/rainlendar2/skins/
01:22:53 PM: [0:00:01.232] 	Skins (config): /home/elarajade/.config/.rainlendar2/skins/
01:22:53 PM: [0:00:01.232] 	Plugins: /opt/rainlendar2/plugins/
01:22:53 PM: [0:00:01.232] 	Locale (program): /opt/rainlendar2/locale/
01:22:53 PM: [0:00:01.232] 	Locale (config): /home/elarajade/.config/.rainlendar2/locale/
01:22:53 PM: [0:00:01.232] 	Scripts (program): /opt/rainlendar2/scripts/
01:22:53 PM: [0:00:01.232] 	Scripts (config): /home/elarajade/.config/.rainlendar2/scripts/
01:22:53 PM: [0:00:01.232] 	Backup: /home/elarajade/.config/.rainlendar2/backups/
01:22:53 PM: [0:00:01.232] 	Config: /home/elarajade/.config/.rainlendar2/rainlendar2.ini
01:22:53 PM: [0:00:01.232] Available plugins:
01:22:53 PM: [0:00:01.232] 	iCalendar Format (1.14.168)
01:22:53 PM: Warning: iCCP: known incorrect sRGB profile
01:22:53 PM: Warning: iCCP: known incorrect sRGB profile
01:22:53 PM: Warning: iCCP: cHRM chunk does not match sRGB
01:22:53 PM: Warning: iCCP: known incorrect sRGB profile
01:22:53 PM: Warning: iCCP: cHRM chunk does not match sRGB
01:22:53 PM: Warning: iCCP: known incorrect sRGB profile
01:22:53 PM: Warning: iCCP: cHRM chunk does not match sRGB
01:22:53 PM: Warning: iCCP: known incorrect sRGB profile
01:22:53 PM: Warning: iCCP: known incorrect sRGB profile
01:22:53 PM: Warning: iCCP: known incorrect sRGB profile
01:22:53 PM: Warning: iCCP: known incorrect sRGB profile
01:22:53 PM: Warning: iCCP: known incorrect sRGB profile
01:22:53 PM: Warning: iCCP: known incorrect sRGB profile
01:22:53 PM: Warning: iCCP: known incorrect sRGB profile
01:22:53 PM: Warning: iCCP: known incorrect sRGB profile
01:22:53 PM: Warning: iCCP: known incorrect sRGB profile
01:22:53 PM: Warning: iCCP: known incorrect sRGB profile
01:22:53 PM: Warning: iCCP: known incorrect sRGB profile
01:22:53 PM: Warning: iCCP: known incorrect sRGB profile
01:22:53 PM: Warning: iCCP: known incorrect sRGB profile
01:22:53 PM: Warning: iCCP: known incorrect sRGB profile
01:22:53 PM: Warning: iCCP: cHRM chunk does not match sRGB
01:22:53 PM: Warning: iCCP: known incorrect sRGB profile
01:22:53 PM: Warning: iCCP: known incorrect sRGB profile
01:22:53 PM: Warning: iCCP: known incorrect sRGB profile
01:22:53 PM: Warning: iCCP: known incorrect sRGB profile
01:22:53 PM: Warning: iCCP: known incorrect sRGB profile
01:22:53 PM: Warning: iCCP: known incorrect sRGB profile
01:22:53 PM: Warning: iCCP: known incorrect sRGB profile
01:22:53 PM: Warning: iCCP: known incorrect sRGB profile
01:22:53 PM: Warning: iCCP: known incorrect sRGB profile
01:22:53 PM: Warning: iCCP: known incorrect sRGB profile
01:22:53 PM: Warning: iCCP: known incorrect sRGB profile
01:22:53 PM: Warning: iCCP: known incorrect sRGB profile
01:22:53 PM: Warning: iCCP: known incorrect sRGB profile
01:22:53 PM: Warning: iCCP: known incorrect sRGB profile
01:22:53 PM: Warning: iCCP: known incorrect sRGB profile
01:22:53 PM: Warning: iCCP: known incorrect sRGB profile
01:22:53 PM: Warning: iCCP: known incorrect sRGB profile
01:22:53 PM: Warning: iCCP: known incorrect sRGB profile
01:22:53 PM: Warning: iCCP: known incorrect sRGB profile
01:22:53 PM: Warning: iCCP: known incorrect sRGB profile
01:22:53 PM: Warning: iCCP: known incorrect sRGB profile
01:22:53 PM: Warning: iCCP: known incorrect sRGB profile
01:22:53 PM: Warning: iCCP: known incorrect sRGB profile
01:22:53 PM: Warning: iCCP: known incorrect sRGB profile
01:22:53 PM: Warning: iCCP: known incorrect sRGB profile
01:22:53 PM: Warning: iCCP: known incorrect sRGB profile
01:22:53 PM: Warning: iCCP: known incorrect sRGB profile
01:22:53 PM: Warning: iCCP: known incorrect sRGB profile
01:22:53 PM: Warning: iCCP: known incorrect sRGB profile
01:22:53 PM: Warning: iCCP: known incorrect sRGB profile
01:22:53 PM: Warning: iCCP: known incorrect sRGB profile
01:22:53 PM: Warning: iCCP: known incorrect sRGB profile
01:22:53 PM: Warning: iCCP: known incorrect sRGB profile
01:22:53 PM: Warning: iCCP: known incorrect sRGB profile
01:22:53 PM: Warning: iCCP: known incorrect sRGB profile
01:22:53 PM: Error: File '/home/elarajade/.config/.rainlendar2/backups/20210614-Rainlendar2Backup.zip' couldn't be removed (error 2: No such file or directory)
01:22:53 PM: Error: can't open file '/home/elarajade/.config/.rainlendar2/Default.ics' (error 2: No such file or directory)
01:22:53 PM: [0:00:02.188] WARNING: Unable to open file: /home/elarajade/.config/.rainlendar2/Default.ics
01:22:53 PM: [0:00:02.188] Created backup file "/home/elarajade/.config/.rainlendar2/backups/20210614-Rainlendar2Backup.zip"
01:22:53 PM: Warning: iCCP: known incorrect sRGB profile
01:22:53 PM: Warning: iCCP: known incorrect sRGB profile
01:22:56 PM: [0:00:04.265] WARNING: Default: The file "/home/elarajade/.config/.rainlendar2/Default.ics" does not exist.
