[2021-06-12 13:09:36.474] [exthost] [info] extension host started
[2021-06-12 13:09:36.578] [exthost] [info] ExtensionService#_doActivateExtension vscode.microsoft-authentication {"startup":false,"extensionId":{"value":"vscode.microsoft-authentication","_lower":"vscode.microsoft-authentication"},"activationEvent":"onAuthenticationRequest:microsoft"}
[2021-06-12 13:09:36.578] [exthost] [info] ExtensionService#loadCommonJSModule file:///var/lib/snapd/snap/code/65/usr/share/code/resources/app/extensions/microsoft-authentication/dist/extension.js
[2021-06-12 13:09:36.638] [exthost] [info] ExtensionService#_doActivateExtension vscode.css-language-features {"startup":false,"extensionId":{"value":"vscode.css-language-features","_lower":"vscode.css-language-features"},"activationEvent":"onLanguage:css"}
[2021-06-12 13:09:36.638] [exthost] [info] ExtensionService#loadCommonJSModule file:///var/lib/snapd/snap/code/65/usr/share/code/resources/app/extensions/css-language-features/client/dist/node/cssClientMain
[2021-06-12 13:09:36.693] [exthost] [info] ExtensionService#_doActivateExtension vscode.emmet {"startup":false,"extensionId":{"value":"vscode.emmet","_lower":"vscode.emmet"},"activationEvent":"onLanguage:css"}
[2021-06-12 13:09:36.694] [exthost] [info] ExtensionService#loadCommonJSModule file:///var/lib/snapd/snap/code/65/usr/share/code/resources/app/extensions/emmet/dist/node/emmetNodeMain
[2021-06-12 13:09:36.730] [exthost] [info] ExtensionService#_doActivateExtension vscode.debug-auto-launch {"startup":true,"extensionId":{"value":"vscode.debug-auto-launch","_lower":"vscode.debug-auto-launch"},"activationEvent":"*"}
[2021-06-12 13:09:36.730] [exthost] [info] ExtensionService#loadCommonJSModule file:///var/lib/snapd/snap/code/65/usr/share/code/resources/app/extensions/debug-auto-launch/dist/extension
[2021-06-12 13:09:36.736] [exthost] [info] ExtensionService#_doActivateExtension vscode.git {"startup":true,"extensionId":{"value":"vscode.github","_lower":"vscode.github"},"activationEvent":"*"}
[2021-06-12 13:09:36.736] [exthost] [info] ExtensionService#loadCommonJSModule file:///var/lib/snapd/snap/code/65/usr/share/code/resources/app/extensions/git/dist/main
[2021-06-12 13:09:36.774] [exthost] [info] ExtensionService#_doActivateExtension wilsonsio.color-vision {"startup":true,"extensionId":{"value":"wilsonsio.color-vision","_lower":"wilsonsio.color-vision"},"activationEvent":"*"}
[2021-06-12 13:09:36.774] [exthost] [info] ExtensionService#loadCommonJSModule file:///home/elarajade/.vscode/extensions/wilsonsio.color-vision-0.1.0/out/extension.js
[2021-06-12 13:09:37.103] [exthost] [info] ExtensionService#_doActivateExtension ms-vscode.js-debug {"startup":false,"extensionId":{"value":"ms-vscode.js-debug","_lower":"ms-vscode.js-debug"},"activationEvent":"onCommand:extension.js-debug.clearAutoAttachVariables"}
[2021-06-12 13:09:37.104] [exthost] [info] ExtensionService#loadCommonJSModule file:///var/lib/snapd/snap/code/65/usr/share/code/resources/app/extensions/ms-vscode.js-debug/src/extension.js
[2021-06-12 13:09:37.910] [exthost] [info] ExtensionService#_doActivateExtension vscode.github {"startup":true,"extensionId":{"value":"vscode.github","_lower":"vscode.github"},"activationEvent":"*"}
[2021-06-12 13:09:37.910] [exthost] [info] ExtensionService#loadCommonJSModule file:///var/lib/snapd/snap/code/65/usr/share/code/resources/app/extensions/github/dist/extension.js
[2021-06-12 13:09:37.978] [exthost] [info] eager extensions activated
[2021-06-12 13:09:37.989] [exthost] [info] ExtensionService#_doActivateExtension vscode.merge-conflict {"startup":false,"extensionId":{"value":"vscode.merge-conflict","_lower":"vscode.merge-conflict"},"activationEvent":"onStartupFinished"}
[2021-06-12 13:09:37.989] [exthost] [info] ExtensionService#loadCommonJSModule file:///var/lib/snapd/snap/code/65/usr/share/code/resources/app/extensions/merge-conflict/dist/mergeConflictMain
[2021-06-12 13:09:38.009] [exthost] [info] ExtensionService#_doActivateExtension vscode.testing-editor-contributions {"startup":false,"extensionId":{"value":"vscode.testing-editor-contributions","_lower":"vscode.testing-editor-contributions"},"activationEvent":"onStartupFinished"}
[2021-06-12 13:09:38.009] [exthost] [info] ExtensionService#loadCommonJSModule file:///var/lib/snapd/snap/code/65/usr/share/code/resources/app/extensions/testing-editor-contributions/dist/extension.js
[2021-06-12 13:09:38.047] [exthost] [info] ExtensionService#_doActivateExtension vscode.github-authentication {"startup":false,"extensionId":{"value":"vscode.github-authentication","_lower":"vscode.github-authentication"},"activationEvent":"onAuthenticationRequest:github"}
[2021-06-12 13:09:38.047] [exthost] [info] ExtensionService#loadCommonJSModule file:///var/lib/snapd/snap/code/65/usr/share/code/resources/app/extensions/github-authentication/dist/extension.js
[2021-06-12 13:13:21.887] [exthost] [info] extension host terminating: received terminate message from renderer
[2021-06-12 13:13:22.903] [exthost] [info] exiting with code 0
